<?xml version="1.0" encoding="UTF-8"?>
<!-- Generated by org.testng.reporters.JUnitReportReporter -->
<testsuite hostname="seebeal" failures="0" tests="4" name="Xyz" time="12.881" errors="0" timestamp="2024-09-20T22:21:04 EET" skipped="0">
  <testcase classname="Xyz" name="logINCustumer" time="0.903"/>
  <system-out/>
  <testcase classname="Xyz" name="SelectCustomer" time="0.541"/>
  <system-out/>
  <testcase classname="Xyz" name="DepositAndWithdrawl" time="11.360"/>
  <system-out/>
  <testcase classname="Xyz" name="Assert" time="0.077"/>
  <system-out/>
</testsuite> <!-- Xyz -->
