<?xml version="1.0" encoding="UTF-8"?>
<!-- Generated by org.testng.reporters.JUnitReportReporter -->
<testsuite hostname="seebeal" failures="0" tests="3" name="Xyz" time="2.298" errors="0" timestamp="2024-09-19T23:42:02 EET" skipped="0">
  <testcase classname="Xyz" name="logINCustumer" time="0.685"/>
  <system-out/>
  <testcase classname="Xyz" name="SelectCustomer" time="0.523"/>
  <system-out/>
  <testcase classname="Xyz" name="Deposit" time="1.090"/>
  <system-out/>
</testsuite> <!-- Xyz -->
