<?xml version="1.0" encoding="UTF-8"?>
<!-- Generated by org.testng.reporters.JUnitReportReporter -->
<testsuite hostname="seebeal" failures="0" tests="5" name="Xyz" time="25.275" errors="0" timestamp="2024-09-20T23:39:30 EET" skipped="0">
  <testcase classname="Xyz" name="logINCustumer" time="0.728"/>
  <system-out/>
  <testcase classname="Xyz" name="SelectCustomer" time="0.531"/>
  <system-out/>
  <testcase classname="Xyz" name="DepositAndWithdrawl" time="11.313"/>
  <system-out/>
  <testcase classname="Xyz" name="Assert" time="0.061"/>
  <system-out/>
  <testcase classname="Xyz" name="addnewcudtomer" time="12.642"/>
  <system-out/>
</testsuite> <!-- Xyz -->
