<?xml version="1.0" encoding="UTF-8"?>
<!-- Generated by org.testng.reporters.JUnitReportReporter -->
<testsuite hostname="seebeal" failures="0" tests="3" name="Xyz" time="15.383" errors="0" timestamp="2024-09-16T12:26:45 EET" skipped="0">
  <testcase classname="Xyz" name="logINCustumer" time="5.123"/>
  <system-out/>
  <testcase classname="Xyz" name="SelectCustomer" time="5.179"/>
  <system-out/>
  <testcase classname="Xyz" name="Deposit" time="5.081"/>
  <system-out/>
</testsuite> <!-- Xyz -->
